build/app/intermediates/manifest_merge_blame_file/debug/manifest-merger-blame-debug-report.txt
1<?xml version="1.0" encoding="utf-8"?>
2<manifest xmlns:android="http://schemas.android.com/apk/res/android"
3    package="com.example.lifeapp"
4    android:versionCode="1"
5    android:versionName="1.0.0" >
6
7    <uses-sdk
8        android:minSdkVersion="21"
9        android:targetSdkVersion="31" />
10    <!--
11         Flutter needs it to communicate with the running application
12         to allow setting breakpoints, to provide hot reload, etc.
13    -->
14    <uses-permission android:name="android.permission.INTERNET" />
14-->src\main\AndroidManifest.xml:6:5-67
14-->src\main\AndroidManifest.xml:6:22-64
15    <uses-permission android:name="android.permission.CAMERA" />
15-->src\main\AndroidManifest.xml:5:5-65
15-->src\main\AndroidManifest.xml:5:22-62
16    <uses-permission android:name="android.permission.WRITE_EXTERNAL_STORAGE" />
16-->src\main\AndroidManifest.xml:7:5-80
16-->src\main\AndroidManifest.xml:7:22-78
17    <uses-permission android:name="android.permission.READ_EXTERNAL_STORAGE" />
17-->src\main\AndroidManifest.xml:8:5-79
17-->src\main\AndroidManifest.xml:8:22-77
18
19    <queries>
19-->[:flutter_inappwebview] AndroidManifest.xml:9:5-13:15
20        <intent>
20-->[:flutter_inappwebview] AndroidManifest.xml:10:9-12:18
21            <action android:name="android.support.customtabs.action.CustomTabsService" />
21-->[:flutter_inappwebview] AndroidManifest.xml:11:13-90
21-->[:flutter_inappwebview] AndroidManifest.xml:11:21-87
22        </intent>
23    </queries>
24
25    <uses-permission android:name="android.permission.RECORD_AUDIO" />
25-->[:camera_android] AndroidManifest.xml:10:5-71
25-->[:camera_android] AndroidManifest.xml:10:22-68
26    <uses-permission android:name="android.permission.VIBRATE" /> <!-- Don't require camera, as this requires a rear camera. This allows it to work on the Nexus 7 -->
26-->[:scan] AndroidManifest.xml:12:5-66
26-->[:scan] AndroidManifest.xml:12:22-63
27    <uses-feature
27-->[com.journeyapps:zxing-android-embedded:4.3.0] AndroidManifest.xml:25:5-27:36
28        android:name="android.hardware.camera"
28-->[com.journeyapps:zxing-android-embedded:4.3.0] AndroidManifest.xml:26:9-47
29        android:required="false" />
29-->[com.journeyapps:zxing-android-embedded:4.3.0] AndroidManifest.xml:27:9-33
30    <uses-feature
30-->[com.journeyapps:zxing-android-embedded:4.3.0] AndroidManifest.xml:28:5-30:36
31        android:name="android.hardware.camera.front"
31-->[com.journeyapps:zxing-android-embedded:4.3.0] AndroidManifest.xml:29:9-53
32        android:required="false" /> <!-- TODO replace above two with next line after Android 4.2 -->
32-->[com.journeyapps:zxing-android-embedded:4.3.0] AndroidManifest.xml:30:9-33
33    <!-- <uses-feature android:name="android.hardware.camera.any"/> -->
34    <uses-feature
34-->[com.journeyapps:zxing-android-embedded:4.3.0] AndroidManifest.xml:33:5-35:36
35        android:name="android.hardware.camera.autofocus"
35-->[com.journeyapps:zxing-android-embedded:4.3.0] AndroidManifest.xml:34:9-57
36        android:required="false" />
36-->[com.journeyapps:zxing-android-embedded:4.3.0] AndroidManifest.xml:35:9-33
37    <uses-feature
37-->[com.journeyapps:zxing-android-embedded:4.3.0] AndroidManifest.xml:36:5-38:36
38        android:name="android.hardware.camera.flash"
38-->[com.journeyapps:zxing-android-embedded:4.3.0] AndroidManifest.xml:37:9-53
39        android:required="false" />
39-->[com.journeyapps:zxing-android-embedded:4.3.0] AndroidManifest.xml:38:9-33
40    <uses-feature
40-->[com.journeyapps:zxing-android-embedded:4.3.0] AndroidManifest.xml:39:5-41:36
41        android:name="android.hardware.screen.landscape"
41-->[com.journeyapps:zxing-android-embedded:4.3.0] AndroidManifest.xml:40:9-57
42        android:required="false" />
42-->[com.journeyapps:zxing-android-embedded:4.3.0] AndroidManifest.xml:41:9-33
43    <uses-feature
43-->[com.journeyapps:zxing-android-embedded:4.3.0] AndroidManifest.xml:42:5-44:36
44        android:name="android.hardware.wifi"
44-->[com.journeyapps:zxing-android-embedded:4.3.0] AndroidManifest.xml:43:9-45
45        android:required="false" />
45-->[com.journeyapps:zxing-android-embedded:4.3.0] AndroidManifest.xml:44:9-33
46
47    <application
48        android:name="android.app.Application"
49        android:appComponentFactory="androidx.core.app.CoreComponentFactory"
49-->[androidx.core:core:1.8.0] AndroidManifest.xml:24:18-86
50        android:debuggable="true"
51        android:icon="@mipmap/ic_launcher"
52        android:label="lifeapp" >
53        <activity
54            android:name="com.example.lifeapp.MainActivity"
55            android:configChanges="orientation|keyboardHidden|keyboard|screenSize|smallestScreenSize|locale|layoutDirection|fontScale|screenLayout|density|uiMode"
56            android:exported="true"
57            android:hardwareAccelerated="true"
58            android:launchMode="singleTop"
59            android:theme="@style/LaunchTheme"
60            android:windowSoftInputMode="adjustResize" >
61
62            <!--
63                 Specifies an Android theme to apply to this Activity as soon as
64                 the Android process has started. This theme is visible to the user
65                 while the Flutter UI initializes. After that, this theme continues
66                 to determine the Window background behind the Flutter UI.
67            -->
68            <meta-data
69                android:name="io.flutter.embedding.android.NormalTheme"
70                android:resource="@style/NormalTheme" />
71
72            <intent-filter>
73                <action android:name="android.intent.action.MAIN" />
74
75                <category android:name="android.intent.category.LAUNCHER" />
76            </intent-filter>
77        </activity>
78        <!--
79             Don't delete the meta-data below.
80             This is used by the Flutter tool to generate GeneratedPluginRegistrant.java
81        -->
82        <meta-data
83            android:name="flutterEmbedding"
84            android:value="2" />
85
86        <activity
86-->[:flutter_inappwebview] AndroidManifest.xml:16:9-20:47
87            android:name="com.pichillilorenzo.flutter_inappwebview.in_app_browser.InAppBrowserActivity"
87-->[:flutter_inappwebview] AndroidManifest.xml:17:13-104
88            android:configChanges="orientation|keyboardHidden|keyboard|screenSize|locale|layoutDirection|fontScale|screenLayout|density"
88-->[:flutter_inappwebview] AndroidManifest.xml:18:13-137
89            android:exported="true"
89-->[:flutter_inappwebview] AndroidManifest.xml:19:13-36
90            android:theme="@style/AppTheme" />
90-->[:flutter_inappwebview] AndroidManifest.xml:20:13-44
91        <activity
91-->[:flutter_inappwebview] AndroidManifest.xml:21:9-24:55
92            android:name="com.pichillilorenzo.flutter_inappwebview.chrome_custom_tabs.ChromeCustomTabsActivity"
92-->[:flutter_inappwebview] AndroidManifest.xml:22:13-112
93            android:exported="true"
93-->[:flutter_inappwebview] AndroidManifest.xml:23:13-36
94            android:theme="@style/ThemeTransparent" />
94-->[:flutter_inappwebview] AndroidManifest.xml:24:13-52
95        <activity
95-->[:flutter_inappwebview] AndroidManifest.xml:25:9-28:55
96            android:name="com.pichillilorenzo.flutter_inappwebview.chrome_custom_tabs.TrustedWebActivity"
96-->[:flutter_inappwebview] AndroidManifest.xml:26:13-106
97            android:exported="true"
97-->[:flutter_inappwebview] AndroidManifest.xml:27:13-36
98            android:theme="@style/ThemeTransparent" />
98-->[:flutter_inappwebview] AndroidManifest.xml:28:13-52
99        <activity
99-->[:flutter_inappwebview] AndroidManifest.xml:29:9-33:55
100            android:name="com.pichillilorenzo.flutter_inappwebview.chrome_custom_tabs.ChromeCustomTabsActivitySingleInstance"
100-->[:flutter_inappwebview] AndroidManifest.xml:30:13-126
101            android:exported="true"
101-->[:flutter_inappwebview] AndroidManifest.xml:31:13-36
102            android:launchMode="singleInstance"
102-->[:flutter_inappwebview] AndroidManifest.xml:32:13-48
103            android:theme="@style/ThemeTransparent" />
103-->[:flutter_inappwebview] AndroidManifest.xml:33:13-52
104        <activity
104-->[:flutter_inappwebview] AndroidManifest.xml:34:9-38:55
105            android:name="com.pichillilorenzo.flutter_inappwebview.chrome_custom_tabs.TrustedWebActivitySingleInstance"
105-->[:flutter_inappwebview] AndroidManifest.xml:35:13-120
106            android:exported="true"
106-->[:flutter_inappwebview] AndroidManifest.xml:36:13-36
107            android:launchMode="singleInstance"
107-->[:flutter_inappwebview] AndroidManifest.xml:37:13-48
108            android:theme="@style/ThemeTransparent" />
108-->[:flutter_inappwebview] AndroidManifest.xml:38:13-52
109
110        <receiver
110-->[:flutter_inappwebview] AndroidManifest.xml:40:9-43:40
111            android:name="com.pichillilorenzo.flutter_inappwebview.chrome_custom_tabs.ActionBroadcastReceiver"
111-->[:flutter_inappwebview] AndroidManifest.xml:41:13-111
112            android:enabled="true"
112-->[:flutter_inappwebview] AndroidManifest.xml:42:13-35
113            android:exported="false" />
113-->[:flutter_inappwebview] AndroidManifest.xml:43:13-37
114
115        <meta-data
115-->[:flutter_inappwebview] AndroidManifest.xml:45:9-47:36
116            android:name="io.flutter.embedded_views_preview"
116-->[:flutter_inappwebview] AndroidManifest.xml:46:13-61
117            android:value="true" />
117-->[:flutter_inappwebview] AndroidManifest.xml:47:13-33
118
119        <provider
119-->[:image_picker_android] AndroidManifest.xml:10:9-18:20
120            android:name="io.flutter.plugins.imagepicker.ImagePickerFileProvider"
120-->[:image_picker_android] AndroidManifest.xml:11:13-82
121            android:authorities="com.example.lifeapp.flutter.image_provider"
121-->[:image_picker_android] AndroidManifest.xml:12:13-74
122            android:exported="false"
122-->[:image_picker_android] AndroidManifest.xml:13:13-37
123            android:grantUriPermissions="true" >
123-->[:image_picker_android] AndroidManifest.xml:14:13-47
124            <meta-data
124-->[:image_picker_android] AndroidManifest.xml:15:13-17:75
125                android:name="android.support.FILE_PROVIDER_PATHS"
125-->[:image_picker_android] AndroidManifest.xml:16:17-67
126                android:resource="@xml/flutter_image_picker_file_paths" />
126-->[:image_picker_android] AndroidManifest.xml:17:17-72
127        </provider>
128
129        <uses-library
129-->[androidx.window:window:1.0.0-beta04] AndroidManifest.xml:25:9-27:40
130            android:name="androidx.window.extensions"
130-->[androidx.window:window:1.0.0-beta04] AndroidManifest.xml:26:13-54
131            android:required="false" />
131-->[androidx.window:window:1.0.0-beta04] AndroidManifest.xml:27:13-37
132        <uses-library
132-->[androidx.window:window:1.0.0-beta04] AndroidManifest.xml:28:9-30:40
133            android:name="androidx.window.sidecar"
133-->[androidx.window:window:1.0.0-beta04] AndroidManifest.xml:29:13-51
134            android:required="false" />
134-->[androidx.window:window:1.0.0-beta04] AndroidManifest.xml:30:13-37
135
136        <provider
136-->[androidx.emoji2:emoji2:1.0.0] AndroidManifest.xml:26:9-34:20
137            android:name="androidx.startup.InitializationProvider"
137-->[androidx.emoji2:emoji2:1.0.0] AndroidManifest.xml:27:13-67
138            android:authorities="com.example.lifeapp.androidx-startup"
138-->[androidx.emoji2:emoji2:1.0.0] AndroidManifest.xml:28:13-68
139            android:exported="false" >
139-->[androidx.emoji2:emoji2:1.0.0] AndroidManifest.xml:29:13-37
140            <meta-data
140-->[androidx.emoji2:emoji2:1.0.0] AndroidManifest.xml:31:13-33:52
141                android:name="androidx.emoji2.text.EmojiCompatInitializer"
141-->[androidx.emoji2:emoji2:1.0.0] AndroidManifest.xml:32:17-75
142                android:value="androidx.startup" />
142-->[androidx.emoji2:emoji2:1.0.0] AndroidManifest.xml:33:17-49
143            <meta-data
143-->[androidx.lifecycle:lifecycle-process:2.4.0] AndroidManifest.xml:31:13-33:52
144                android:name="androidx.lifecycle.ProcessLifecycleInitializer"
144-->[androidx.lifecycle:lifecycle-process:2.4.0] AndroidManifest.xml:32:17-78
145                android:value="androidx.startup" />
145-->[androidx.lifecycle:lifecycle-process:2.4.0] AndroidManifest.xml:33:17-49
146        </provider>
147
148        <meta-data
148-->[com.huawei.hms:scanplus:2.1.0.300] AndroidManifest.xml:14:9-16:40
149            android:name="huawei_module_scankit_local"
149-->[com.huawei.hms:scanplus:2.1.0.300] AndroidManifest.xml:15:13-55
150            android:value="20100300" />
150-->[com.huawei.hms:scanplus:2.1.0.300] AndroidManifest.xml:16:13-37
151        <meta-data
151-->[com.huawei.hms:scanplus:2.1.0.300] AndroidManifest.xml:17:9-19:50
152            android:name="huawei_module_scankit_sdk_version"
152-->[com.huawei.hms:scanplus:2.1.0.300] AndroidManifest.xml:18:13-61
153            android:value="scanplus:2.1.0.300" />
153-->[com.huawei.hms:scanplus:2.1.0.300] AndroidManifest.xml:19:13-47
154        <meta-data
154-->[com.huawei.hms:scanplus:2.1.0.300] AndroidManifest.xml:20:9-22:50
155            android:name="com.huawei.hms.client.service.name:scanplus"
155-->[com.huawei.hms:scanplus:2.1.0.300] AndroidManifest.xml:21:13-71
156            android:value="scanplus:2.1.0.300" />
156-->[com.huawei.hms:scanplus:2.1.0.300] AndroidManifest.xml:22:13-47
157        <meta-data
157-->[com.huawei.hms:scanplus:2.1.0.300] AndroidManifest.xml:23:9-25:33
158            android:name="com.huawei.hms.min_api_level:scanplus:huawei_module_scankit"
158-->[com.huawei.hms:scanplus:2.1.0.300] AndroidManifest.xml:24:13-87
159            android:value="1" />
159-->[com.huawei.hms:scanplus:2.1.0.300] AndroidManifest.xml:25:13-30
160        <meta-data
160-->[com.huawei.hms:scanplus:2.1.0.300] AndroidManifest.xml:26:9-28:33
161            android:name="com.huawei.hms.min_api_level:scanplus:hmscore"
161-->[com.huawei.hms:scanplus:2.1.0.300] AndroidManifest.xml:27:13-73
162            android:value="1" />
162-->[com.huawei.hms:scanplus:2.1.0.300] AndroidManifest.xml:28:13-30
163
164        <activity android:name="com.huawei.hms.hmsscankit.ScanKitActivity" />
164-->[com.huawei.hms:scanplus:2.1.0.300] AndroidManifest.xml:30:9-78
164-->[com.huawei.hms:scanplus:2.1.0.300] AndroidManifest.xml:30:19-75
165
166        <uses-library
166-->[com.huawei.android.hms:security-ssl:1.1.5.301] AndroidManifest.xml:10:9-12:40
167            android:name="org.apache.http.legacy"
167-->[com.huawei.android.hms:security-ssl:1.1.5.301] AndroidManifest.xml:11:13-50
168            android:required="false" />
168-->[com.huawei.android.hms:security-ssl:1.1.5.301] AndroidManifest.xml:12:13-37
169
170        <activity
170-->[com.journeyapps:zxing-android-embedded:4.3.0] AndroidManifest.xml:47:9-53:63
171            android:name="com.journeyapps.barcodescanner.CaptureActivity"
171-->[com.journeyapps:zxing-android-embedded:4.3.0] AndroidManifest.xml:48:13-74
172            android:clearTaskOnLaunch="true"
172-->[com.journeyapps:zxing-android-embedded:4.3.0] AndroidManifest.xml:49:13-45
173            android:screenOrientation="sensorLandscape"
173-->[com.journeyapps:zxing-android-embedded:4.3.0] AndroidManifest.xml:50:13-56
174            android:stateNotNeeded="true"
174-->[com.journeyapps:zxing-android-embedded:4.3.0] AndroidManifest.xml:51:13-42
175            android:theme="@style/zxing_CaptureTheme"
175-->[com.journeyapps:zxing-android-embedded:4.3.0] AndroidManifest.xml:52:13-54
176            android:windowSoftInputMode="stateAlwaysHidden" />
176-->[com.journeyapps:zxing-android-embedded:4.3.0] AndroidManifest.xml:53:13-60
177
178        <meta-data
178-->[com.huawei.hms:dynamic-api:1.0.13.303] AndroidManifest.xml:12:9-14:54
179            android:name="com.huawei.hms.client.service.name:dynamic-api"
179-->[com.huawei.hms:dynamic-api:1.0.13.303] AndroidManifest.xml:13:13-74
180            android:value="dynamic-api:1.0.13.303" />
180-->[com.huawei.hms:dynamic-api:1.0.13.303] AndroidManifest.xml:14:13-51
181        <meta-data
181-->[com.huawei.hms:dynamic-api:1.0.13.303] AndroidManifest.xml:15:9-17:33
182            android:name="com.huawei.hms.min_api_level:dynamic-api:huawei_module_dynamicloader"
182-->[com.huawei.hms:dynamic-api:1.0.13.303] AndroidManifest.xml:16:13-96
183            android:value="2" />
183-->[com.huawei.hms:dynamic-api:1.0.13.303] AndroidManifest.xml:17:13-30
184
185        <provider
185-->[com.huawei.hms:ml-computer-sdkbase-inner:2.0.5.304] AndroidManifest.xml:13:9-16:40
186            android:name="com.huawei.hms.mlsdk.common.provider.MLInitializerProvider"
186-->[com.huawei.hms:ml-computer-sdkbase-inner:2.0.5.304] AndroidManifest.xml:14:13-86
187            android:authorities="com.example.lifeapp.MLInitializerProvider"
187-->[com.huawei.hms:ml-computer-sdkbase-inner:2.0.5.304] AndroidManifest.xml:15:13-73
188            android:exported="false" />
188-->[com.huawei.hms:ml-computer-sdkbase-inner:2.0.5.304] AndroidManifest.xml:16:13-37
189        <provider
189-->[com.huawei.agconnect:agconnect-core:1.4.0.300] AndroidManifest.xml:11:9-14:40
190            android:name="com.huawei.agconnect.core.provider.AGConnectInitializeProvider"
190-->[com.huawei.agconnect:agconnect-core:1.4.0.300] AndroidManifest.xml:12:13-90
191            android:authorities="com.example.lifeapp.AGCInitializeProvider"
191-->[com.huawei.agconnect:agconnect-core:1.4.0.300] AndroidManifest.xml:13:13-73
192            android:exported="false" />
192-->[com.huawei.agconnect:agconnect-core:1.4.0.300] AndroidManifest.xml:14:13-37
193
194        <service
194-->[com.huawei.agconnect:agconnect-core:1.4.0.300] AndroidManifest.xml:16:9-18:40
195            android:name="com.huawei.agconnect.core.ServiceDiscovery"
195-->[com.huawei.agconnect:agconnect-core:1.4.0.300] AndroidManifest.xml:17:13-70
196            android:exported="false" />
196-->[com.huawei.agconnect:agconnect-core:1.4.0.300] AndroidManifest.xml:18:13-37
197    </application>
198
199</manifest>